0 info it worked if it ends with ok
1 verbose cli [ '/usr/local/Cellar/node/4.1.2/bin/node',
1 verbose cli   '/usr/local/bin/npm',
1 verbose cli   'start' ]
2 info using npm@3.9.5
3 info using node@v4.1.2
4 verbose run-script [ 'prestart', 'start', 'poststart' ]
5 info lifecycle AndroidDepends@0.0.1~prestart: AndroidDepends@0.0.1
6 silly lifecycle AndroidDepends@0.0.1~prestart: no script for prestart, continuing
7 info lifecycle AndroidDepends@0.0.1~start: AndroidDepends@0.0.1
8 verbose lifecycle AndroidDepends@0.0.1~start: unsafe-perm in lifecycle true
9 verbose lifecycle AndroidDepends@0.0.1~start: PATH: /usr/local/lib/node_modules/npm/bin/node-gyp-bin:/Users/bonnie/Mucking/new-lrn-code/AndroidDepends/node_modules/.bin:/usr/local/Cellar/node/4.1.2/bin:/usr/local/heroku/bin:/Users/bonnie/.rvm/gems/ruby-2.2.1/bin:/Users/bonnie/.rvm/gems/ruby-2.2.1@global/bin:/Users/bonnie/.rvm/rubies/ruby-2.2.1/bin:/usr/local/bin:/usr/bin:/bin:/usr/sbin:/sbin:/opt/X11/bin:/usr/local/go/bin:/usr/local/MacGPG2/bin:/Users/bonnie/.rvm/bin:/usr/local/lib/node_modules:/Users/bonnie/bin:/Users/bonnie/Go/bin:/usr/local/opt/go/libexec/bin
10 verbose lifecycle AndroidDepends@0.0.1~start: CWD: /Users/bonnie/Mucking/new-lrn-code/AndroidDepends
11 silly lifecycle AndroidDepends@0.0.1~start: Args: [ '-c',
11 silly lifecycle   'node node_modules/react-native/local-cli/cli.js start' ]
12 silly lifecycle AndroidDepends@0.0.1~start: Returned: code: 1  signal: null
13 info lifecycle AndroidDepends@0.0.1~start: Failed to exec start script
14 verbose stack Error: AndroidDepends@0.0.1 start: `node node_modules/react-native/local-cli/cli.js start`
14 verbose stack Exit status 1
14 verbose stack     at EventEmitter.<anonymous> (/usr/local/lib/node_modules/npm/lib/utils/lifecycle.js:245:16)
14 verbose stack     at emitTwo (events.js:87:13)
14 verbose stack     at EventEmitter.emit (events.js:172:7)
14 verbose stack     at ChildProcess.<anonymous> (/usr/local/lib/node_modules/npm/lib/utils/spawn.js:24:14)
14 verbose stack     at emitTwo (events.js:87:13)
14 verbose stack     at ChildProcess.emit (events.js:172:7)
14 verbose stack     at maybeClose (internal/child_process.js:818:16)
14 verbose stack     at Process.ChildProcess._handle.onexit (internal/child_process.js:211:5)
15 verbose pkgid AndroidDepends@0.0.1
16 verbose cwd /Users/bonnie/Mucking/new-lrn-code/AndroidDepends
17 error Darwin 15.2.0
18 error argv "/usr/local/Cellar/node/4.1.2/bin/node" "/usr/local/bin/npm" "start"
19 error node v4.1.2
20 error npm  v3.9.5
21 error code ELIFECYCLE
22 error AndroidDepends@0.0.1 start: `node node_modules/react-native/local-cli/cli.js start`
22 error Exit status 1
23 error Failed at the AndroidDepends@0.0.1 start script 'node node_modules/react-native/local-cli/cli.js start'.
23 error Make sure you have the latest version of node.js and npm installed.
23 error If you do, this is most likely a problem with the AndroidDepends package,
23 error not with npm itself.
23 error Tell the author that this fails on your system:
23 error     node node_modules/react-native/local-cli/cli.js start
23 error You can get information on how to open an issue for this project with:
23 error     npm bugs AndroidDepends
23 error Or if that isn't available, you can get their info via:
23 error     npm owner ls AndroidDepends
23 error There is likely additional logging output above.
24 verbose exit [ 1, true ]
